<?xml version="1.0" encoding="UTF-8"?>
<!-- Generated by org.testng.reporters.JUnitXMLReporter -->
<testsuite hostname="LAPTOP-UO7F2SDL" name="Regression suite 1" tests="43" failures="1" timestamp="20 Mar 2019 06:58:42 GMT" time="0.822" errors="0">
  <testcase name="test" time="0.012" classname="AnnotationsInTestNG.Annotations"/>
  <testcase name="handleException" time="0.008" classname="FeaturesInTestNG.ExpectedException"/>
  <testcase name="setup" time="0.38" classname="FeaturesInTestNG.ExpectedException"/>
  <testcase name="sum" time="0.0" classname="FeaturesInTestNG.Priority"/>
  <testcase name="subtraction" time="0.0" classname="FeaturesInTestNG.Priority"/>
  <testcase name="multiplication" time="0.0" classname="FeaturesInTestNG.Priority"/>
  <testcase name="division" time="0.004" classname="FeaturesInTestNG.Priority"/>
  <testcase name="subtraction" time="0.004" classname="FeaturesInTestNG.InvocationCount"/>
  <testcase name="subtraction" time="0.004" classname="FeaturesInTestNG.InvocationCount"/>
  <testcase name="subtraction" time="0.004" classname="FeaturesInTestNG.InvocationCount"/>
  <testcase name="subtraction" time="0.0" classname="FeaturesInTestNG.InvocationCount"/>
  <testcase name="subtraction" time="0.004" classname="FeaturesInTestNG.InvocationCount"/>
  <testcase name="subtraction" time="0.004" classname="FeaturesInTestNG.InvocationCount"/>
  <testcase name="subtraction" time="0.004" classname="FeaturesInTestNG.InvocationCount"/>
  <testcase name="subtraction" time="0.0" classname="FeaturesInTestNG.InvocationCount"/>
  <testcase name="subtraction" time="0.008" classname="FeaturesInTestNG.InvocationCount"/>
  <testcase name="subtraction" time="0.004" classname="FeaturesInTestNG.InvocationCount"/>
  <testcase name="subtraction" time="0.004" classname="FeaturesInTestNG.InvocationCount"/>
  <testcase name="subtraction" time="0.004" classname="FeaturesInTestNG.InvocationCount"/>
  <testcase name="subtraction" time="0.0" classname="FeaturesInTestNG.InvocationCount"/>
  <testcase name="subtraction" time="0.0" classname="FeaturesInTestNG.InvocationCount"/>
  <testcase name="subtraction" time="0.0" classname="FeaturesInTestNG.InvocationCount"/>
  <testcase name="subtraction" time="0.0" classname="FeaturesInTestNG.InvocationCount"/>
  <testcase name="subtraction" time="0.0" classname="FeaturesInTestNG.InvocationCount"/>
  <testcase name="subtraction" time="0.0" classname="FeaturesInTestNG.InvocationCount"/>
  <testcase name="subtraction" time="0.004" classname="FeaturesInTestNG.InvocationCount"/>
  <testcase name="subtraction" time="0.004" classname="FeaturesInTestNG.InvocationCount"/>
  <testcase name="sum" time="0.004" classname="FeaturesInTestNG.InvocationCount"/>
  <testcase name="sum" time="0.004" classname="FeaturesInTestNG.InvocationCount"/>
  <testcase name="sum" time="0.0" classname="FeaturesInTestNG.InvocationCount"/>
  <testcase name="sum" time="0.008" classname="FeaturesInTestNG.InvocationCount"/>
  <testcase name="sum" time="0.0" classname="FeaturesInTestNG.InvocationCount"/>
  <testcase name="sum" time="0.0" classname="FeaturesInTestNG.InvocationCount"/>
  <testcase name="sum" time="0.004" classname="FeaturesInTestNG.InvocationCount"/>
  <testcase name="sum" time="0.0" classname="FeaturesInTestNG.InvocationCount"/>
  <testcase name="sum" time="0.0" classname="FeaturesInTestNG.InvocationCount"/>
  <testcase name="sum" time="0.004" classname="FeaturesInTestNG.InvocationCount"/>
  <testcase name="division" time="0.0" classname="FeaturesInTestNG.Grouping"/>
  <testcase name="stringConcat" time="0.0" classname="FeaturesInTestNG.Grouping"/>
  <testcase name="subtraction" time="0.0" classname="FeaturesInTestNG.Grouping"/>
  <testcase name="sum" time="0.0" classname="FeaturesInTestNG.Grouping"/>
  <testcase name="multiplication" time="0.0" classname="FeaturesInTestNG.Grouping"/>
  <testcase name="infiniteLoop" time="0.08" classname="FeaturesInTestNG.ExceptionTimeOut">
    <failure type="org.testng.internal.thread.ThreadTimeoutException" message="Method org.testng.internal.TestNGMethod.infiniteLoop() didn&amp;apos;t finish within the time-out 2">
      <![CDATA[org.testng.internal.thread.ThreadTimeoutException: Method org.testng.internal.TestNGMethod.infiniteLoop() didn't finish within the time-out 2
	at java.io.FileOutputStream.writeBytes(Native Method)
	at java.io.FileOutputStream.write(Unknown Source)
	at java.io.BufferedOutputStream.flushBuffer(Unknown Source)
	at java.io.BufferedOutputStream.flush(Unknown Source)
	at java.io.PrintStream.write(Unknown Source)
	at sun.nio.cs.StreamEncoder.writeBytes(Unknown Source)
	at sun.nio.cs.StreamEncoder.implFlushBuffer(Unknown Source)
	at sun.nio.cs.StreamEncoder.flushBuffer(Unknown Source)
	at java.io.OutputStreamWriter.flushBuffer(Unknown Source)
	at java.io.PrintStream.newLine(Unknown Source)
	at java.io.PrintStream.println(Unknown Source)
	at FeaturesInTestNG.ExceptionTimeOut.infiniteLoop(ExceptionTimeOut.java:11)
	at java.util.concurrent.Executors$RunnableAdapter.call(Unknown Source)
	at java.util.concurrent.FutureTask.run(Unknown Source)
	at java.util.concurrent.ThreadPoolExecutor.runWorker(Unknown Source)
	at java.util.concurrent.ThreadPoolExecutor$Worker.run(Unknown Source)
	at java.lang.Thread.run(Unknown Source)
... Removed 7 stack frames]]>
    </failure>
  </testcase> <!-- infiniteLoop -->
</testsuite> <!-- Regression suite 1 -->
